This file contains any messages produced by compilers while
running configure, to aid debugging if configure makes a mistake.

It was created by crosstool-NG configure 1.20.0, which was
generated by GNU Autoconf 2.69.  Invocation command line was

  $ ./configure --prefix=/opt/Espressif/crosstool-NG

## --------- ##
## Platform. ##
## --------- ##

hostname = localhost.localdomain
uname -m = x86_64
uname -r = 3.17.6-300.fc21.x86_64
uname -s = Linux
uname -v = #1 SMP Mon Dec 8 22:29:32 UTC 2014

/usr/bin/uname -p = x86_64
/bin/uname -X     = unknown

/bin/arch              = x86_64
/usr/bin/arch -k       = unknown
/usr/convex/getsysinfo = unknown
/usr/bin/hostinfo      = unknown
/bin/machine           = unknown
/usr/bin/oslevel       = unknown
/bin/universe          = unknown

PATH: /usr/lib64/qt-3.3/bin
PATH: /usr/local/bin
PATH: /usr/local/sbin
PATH: /usr/bin
PATH: /usr/sbin
PATH: /bin
PATH: /sbin
PATH: /home/mbl/.local/bin
PATH: /home/mbl/bin


## ----------- ##
## Core tests. ##
## ----------- ##

configure:2363: checking build system type
configure:2377: result: x86_64-unknown-linux-gnu
configure:2397: checking host system type
configure:2410: result: x86_64-unknown-linux-gnu
configure:2471: checking for a BSD-compatible install
configure:2539: result: /usr/bin/install -c
configure:2561: checking for grep that handles long lines and -e
configure:2619: result: /usr/bin/grep
configure:2624: checking for egrep
configure:2686: result: /usr/bin/grep -E
configure:2705: checking for a sed that does not truncate output
configure:2769: result: /usr/bin/sed
configure:2774: checking whether sed understands -r -i -e
configure:2779: result: yes
configure:2787: checking whether ln -s works
configure:2791: result: yes
configure:2850: checking for gcc
configure:2866: found /usr/bin/gcc
configure:2877: result: gcc
configure:3106: checking for C compiler version
configure:3115: gcc --version >&5
gcc (GCC) 4.9.2 20141101 (Red Hat 4.9.2-1)
Copyright (C) 2014 Free Software Foundation, Inc.
This is free software; see the source for copying conditions.  There is NO
warranty; not even for MERCHANTABILITY or FITNESS FOR A PARTICULAR PURPOSE.

configure:3126: $? = 0
configure:3115: gcc -v >&5
Using built-in specs.
COLLECT_GCC=gcc
COLLECT_LTO_WRAPPER=/usr/libexec/gcc/x86_64-redhat-linux/4.9.2/lto-wrapper
Target: x86_64-redhat-linux
Configured with: ../configure --prefix=/usr --mandir=/usr/share/man --infodir=/usr/share/info --with-bugurl=http://bugzilla.redhat.com/bugzilla --enable-bootstrap --enable-shared --enable-threads=posix --enable-checking=release --enable-multilib --with-system-zlib --enable-__cxa_atexit --disable-libunwind-exceptions --enable-gnu-unique-object --enable-linker-build-id --with-linker-hash-style=gnu --enable-languages=c,c++,objc,obj-c++,fortran,ada,go,lto --enable-plugin --enable-initfini-array --disable-libgcj --with-isl=/builddir/build/BUILD/gcc-4.9.2-20141101/obj-x86_64-redhat-linux/isl-install --with-cloog=/builddir/build/BUILD/gcc-4.9.2-20141101/obj-x86_64-redhat-linux/cloog-install --enable-gnu-indirect-function --with-tune=generic --with-arch_32=i686 --build=x86_64-redhat-linux
Thread model: posix
gcc version 4.9.2 20141101 (Red Hat 4.9.2-1) (GCC) 
configure:3126: $? = 0
configure:3115: gcc -V >&5
gcc: error: unrecognized command line option '-V'
gcc: fatal error: no input files
compilation terminated.
configure:3126: $? = 4
configure:3115: gcc -qversion >&5
gcc: error: unrecognized command line option '-qversion'
gcc: fatal error: no input files
compilation terminated.
configure:3126: $? = 4
configure:3146: checking whether the C compiler works
configure:3168: gcc    conftest.c  >&5
configure:3172: $? = 0
configure:3220: result: yes
configure:3223: checking for C compiler default output file name
configure:3225: result: a.out
configure:3231: checking for suffix of executables
configure:3238: gcc -o conftest    conftest.c  >&5
configure:3242: $? = 0
configure:3264: result: 
configure:3286: checking whether we are cross compiling
configure:3294: gcc -o conftest    conftest.c  >&5
configure:3298: $? = 0
configure:3305: ./conftest
configure:3309: $? = 0
configure:3324: result: no
configure:3329: checking for suffix of object files
configure:3351: gcc -c   conftest.c >&5
configure:3355: $? = 0
configure:3376: result: o
configure:3380: checking whether we are using the GNU C compiler
configure:3399: gcc -c   conftest.c >&5
configure:3399: $? = 0
configure:3408: result: yes
configure:3417: checking whether gcc accepts -g
configure:3437: gcc -c -g  conftest.c >&5
configure:3437: $? = 0
configure:3478: result: yes
configure:3495: checking for gcc option to accept ISO C89
configure:3558: gcc  -c -g -O2  conftest.c >&5
configure:3558: $? = 0
configure:3571: result: none needed
configure:3599: checking how to run the C preprocessor
configure:3630: gcc -E  conftest.c
configure:3630: $? = 0
configure:3644: gcc -E  conftest.c
conftest.c:9:28: fatal error: ac_nonexistent.h: No such file or directory
 #include <ac_nonexistent.h>
                            ^
compilation terminated.
configure:3644: $? = 1
configure: failed program was:
| /* confdefs.h */
| #define PACKAGE_NAME "crosstool-NG"
| #define PACKAGE_TARNAME "crosstool-ng"
| #define PACKAGE_VERSION "1.20.0"
| #define PACKAGE_STRING "crosstool-NG 1.20.0"
| #define PACKAGE_BUGREPORT "crossgcc@sourceware.org"
| #define PACKAGE_URL ""
| /* end confdefs.h.  */
| #include <ac_nonexistent.h>
configure:3669: result: gcc -E
configure:3689: gcc -E  conftest.c
configure:3689: $? = 0
configure:3703: gcc -E  conftest.c
conftest.c:9:28: fatal error: ac_nonexistent.h: No such file or directory
 #include <ac_nonexistent.h>
                            ^
compilation terminated.
configure:3703: $? = 1
configure: failed program was:
| /* confdefs.h */
| #define PACKAGE_NAME "crosstool-NG"
| #define PACKAGE_TARNAME "crosstool-ng"
| #define PACKAGE_VERSION "1.20.0"
| #define PACKAGE_STRING "crosstool-NG 1.20.0"
| #define PACKAGE_BUGREPORT "crossgcc@sourceware.org"
| #define PACKAGE_URL ""
| /* end confdefs.h.  */
| #include <ac_nonexistent.h>
configure:3807: checking for ranlib
configure:3823: found /usr/bin/ranlib
configure:3834: result: ranlib
configure:3905: checking for gobjcopy
configure:3935: result: no
configure:3905: checking for objcopy
configure:3921: found /usr/bin/objcopy
configure:3932: result: objcopy
configure:3964: checking for absolute path to objcopy
configure:3967: result: /usr/bin/objcopy
configure:4021: checking for gobjdump
configure:4051: result: no
configure:4021: checking for objdump
configure:4037: found /usr/bin/objdump
configure:4048: result: objdump
configure:4080: checking for absolute path to objdump
configure:4083: result: /usr/bin/objdump
configure:4137: checking for greadelf
configure:4167: result: no
configure:4137: checking for readelf
configure:4153: found /usr/bin/readelf
configure:4164: result: readelf
configure:4196: checking for absolute path to readelf
configure:4199: result: /usr/bin/readelf
configure:4253: checking for gperf
configure:4269: found /usr/bin/gperf
configure:4280: result: gperf
configure:4312: checking for absolute path to gperf
configure:4315: result: /usr/bin/gperf
configure:4325: checking for bison
configure:4341: found /usr/bin/bison
configure:4352: result: bison
configure:4371: checking for flex
configure:4387: found /usr/bin/flex
configure:4398: result: flex
configure:4417: checking for makeinfo
configure:4433: found /usr/bin/makeinfo
configure:4444: result: makeinfo
configure:4463: checking for cut
configure:4479: found /usr/bin/cut
configure:4490: result: cut
configure:4509: checking for stat
configure:4525: found /usr/bin/stat
configure:4536: result: stat
configure:4555: checking for readlink
configure:4571: found /usr/bin/readlink
configure:4582: result: readlink
configure:4601: checking for wget
configure:4617: found /usr/bin/wget
configure:4628: result: wget
configure:4647: checking for tar
configure:4663: found /usr/bin/tar
configure:4674: result: tar
configure:4693: checking for gzip
configure:4709: found /usr/bin/gzip
configure:4720: result: gzip
configure:4739: checking for bzip2
configure:4755: found /usr/bin/bzip2
configure:4766: result: bzip2
configure:4789: checking for patch
configure:4807: found /usr/bin/patch
configure:4819: result: /usr/bin/patch
configure:4850: checking for bash >= 3.1
configure:4885: result: /usr/bin/bash
configure:4902: checking for GNU awk
configure:4937: result: /usr/bin/gawk
configure:4955: checking for GNU make >= 3.80
configure:4990: result: /usr/bin/gmake
configure:4994: checking whether /usr/bin/gmake sets $(MAKE)
configure:5016: result: yes
configure:5028: checking for make 3.81
configure:5037: result: no
configure:5062: checking for GNU libtool >= 1.5.26
configure:5097: result: /usr/bin/libtool
configure:5115: checking for GNU libtoolize >= 1.5.26
configure:5150: result: /usr/bin/libtoolize
configure:5168: checking for GNU automake >= 1.10
configure:5203: result: /usr/bin/automake
configure:5218: checking for xz
configure:5234: found /usr/bin/xz
configure:5245: result: xz
configure:5318: checking for cvs
configure:5334: found /usr/bin/cvs
configure:5345: result: cvs
configure:5368: checking for svn
configure:5384: found /usr/bin/svn
configure:5395: result: svn
configure:5417: checking for inline
configure:5433: gcc -c -g -O2  conftest.c >&5
configure:5433: $? = 0
configure:5441: result: inline
configure:5460: checking for ANSI C header files
configure:5480: gcc -c -g -O2  conftest.c >&5
configure:5480: $? = 0
configure:5553: gcc -o conftest -g -O2   conftest.c  >&5
configure:5553: $? = 0
configure:5553: ./conftest
configure:5553: $? = 0
configure:5564: result: yes
configure:5577: checking for sys/types.h
configure:5577: gcc -c -g -O2  conftest.c >&5
configure:5577: $? = 0
configure:5577: result: yes
configure:5577: checking for sys/stat.h
configure:5577: gcc -c -g -O2  conftest.c >&5
configure:5577: $? = 0
configure:5577: result: yes
configure:5577: checking for stdlib.h
configure:5577: gcc -c -g -O2  conftest.c >&5
configure:5577: $? = 0
configure:5577: result: yes
configure:5577: checking for string.h
configure:5577: gcc -c -g -O2  conftest.c >&5
configure:5577: $? = 0
configure:5577: result: yes
configure:5577: checking for memory.h
configure:5577: gcc -c -g -O2  conftest.c >&5
configure:5577: $? = 0
configure:5577: result: yes
configure:5577: checking for strings.h
configure:5577: gcc -c -g -O2  conftest.c >&5
configure:5577: $? = 0
configure:5577: result: yes
configure:5577: checking for inttypes.h
configure:5577: gcc -c -g -O2  conftest.c >&5
configure:5577: $? = 0
configure:5577: result: yes
configure:5577: checking for stdint.h
configure:5577: gcc -c -g -O2  conftest.c >&5
configure:5577: $? = 0
configure:5577: result: yes
configure:5577: checking for unistd.h
configure:5577: gcc -c -g -O2  conftest.c >&5
configure:5577: $? = 0
configure:5577: result: yes
configure:5591: checking for stdlib.h
configure:5591: result: yes
configure:5601: checking for GNU libc compatible malloc
configure:5625: gcc -o conftest -g -O2   conftest.c  >&5
configure:5625: $? = 0
configure:5625: ./conftest
configure:5625: $? = 0
configure:5635: result: yes
configure:5658: checking for stdlib.h
configure:5658: result: yes
configure:5668: checking for GNU libc compatible realloc
configure:5692: gcc -o conftest -g -O2   conftest.c  >&5
configure:5692: $? = 0
configure:5692: ./conftest
configure:5692: $? = 0
configure:5702: result: yes
configure:5723: checking for size_t
configure:5723: gcc -c -g -O2  conftest.c >&5
configure:5723: $? = 0
configure:5723: gcc -c -g -O2  conftest.c >&5
conftest.c: In function 'main':
conftest.c:59:21: error: expected expression before ')' token
 if (sizeof ((size_t)))
                     ^
configure:5723: $? = 1
configure: failed program was:
| /* confdefs.h */
| #define PACKAGE_NAME "crosstool-NG"
| #define PACKAGE_TARNAME "crosstool-ng"
| #define PACKAGE_VERSION "1.20.0"
| #define PACKAGE_STRING "crosstool-NG 1.20.0"
| #define PACKAGE_BUGREPORT "crossgcc@sourceware.org"
| #define PACKAGE_URL ""
| #define STDC_HEADERS 1
| #define HAVE_SYS_TYPES_H 1
| #define HAVE_SYS_STAT_H 1
| #define HAVE_STDLIB_H 1
| #define HAVE_STRING_H 1
| #define HAVE_MEMORY_H 1
| #define HAVE_STRINGS_H 1
| #define HAVE_INTTYPES_H 1
| #define HAVE_STDINT_H 1
| #define HAVE_UNISTD_H 1
| #define HAVE_STDLIB_H 1
| #define HAVE_MALLOC 1
| #define HAVE_STDLIB_H 1
| #define HAVE_REALLOC 1
| /* end confdefs.h.  */
| #include <stdio.h>
| #ifdef HAVE_SYS_TYPES_H
| # include <sys/types.h>
| #endif
| #ifdef HAVE_SYS_STAT_H
| # include <sys/stat.h>
| #endif
| #ifdef STDC_HEADERS
| # include <stdlib.h>
| # include <stddef.h>
| #else
| # ifdef HAVE_STDLIB_H
| #  include <stdlib.h>
| # endif
| #endif
| #ifdef HAVE_STRING_H
| # if !defined STDC_HEADERS && defined HAVE_MEMORY_H
| #  include <memory.h>
| # endif
| # include <string.h>
| #endif
| #ifdef HAVE_STRINGS_H
| # include <strings.h>
| #endif
| #ifdef HAVE_INTTYPES_H
| # include <inttypes.h>
| #endif
| #ifdef HAVE_STDINT_H
| # include <stdint.h>
| #endif
| #ifdef HAVE_UNISTD_H
| # include <unistd.h>
| #endif
| int
| main ()
| {
| if (sizeof ((size_t)))
| 	    return 0;
|   ;
|   return 0;
| }
configure:5723: result: yes
configure:5736: checking for working alloca.h
configure:5753: gcc -o conftest -g -O2   conftest.c  >&5
configure:5753: $? = 0
configure:5761: result: yes
configure:5769: checking for alloca
configure:5806: gcc -o conftest -g -O2   conftest.c  >&5
configure:5806: $? = 0
configure:5814: result: yes
configure:5926: checking libintl.h usability
configure:5926: gcc -c -g -O2  conftest.c >&5
configure:5926: $? = 0
configure:5926: result: yes
configure:5926: checking libintl.h presence
configure:5926: gcc -E  conftest.c
configure:5926: $? = 0
configure:5926: result: yes
configure:5926: checking for libintl.h
configure:5926: result: yes
configure:5937: checking whether gettext is declared
configure:5937: gcc -c -g -O2  conftest.c >&5
configure:5937: $? = 0
configure:5937: result: yes
configure:5952: checking ncurses/ncurses.h usability
configure:5952: gcc -c -g -O2  conftest.c >&5
configure:5952: $? = 0
configure:5952: result: yes
configure:5952: checking ncurses/ncurses.h presence
configure:5952: gcc -E  conftest.c
configure:5952: $? = 0
configure:5952: result: yes
configure:5952: checking for ncurses/ncurses.h
configure:5952: result: yes
configure:5965: checking for library containing initscr
configure:5996: gcc -o conftest -g -O2   conftest.c  >&5
/tmp/ccBmc7xR.o: In function `main':
/opt/Espressif/crosstool-NG/conftest.c:38: undefined reference to `initscr'
collect2: error: ld returned 1 exit status
configure:5996: $? = 1
configure: failed program was:
| /* confdefs.h */
| #define PACKAGE_NAME "crosstool-NG"
| #define PACKAGE_TARNAME "crosstool-ng"
| #define PACKAGE_VERSION "1.20.0"
| #define PACKAGE_STRING "crosstool-NG 1.20.0"
| #define PACKAGE_BUGREPORT "crossgcc@sourceware.org"
| #define PACKAGE_URL ""
| #define STDC_HEADERS 1
| #define HAVE_SYS_TYPES_H 1
| #define HAVE_SYS_STAT_H 1
| #define HAVE_STDLIB_H 1
| #define HAVE_STRING_H 1
| #define HAVE_MEMORY_H 1
| #define HAVE_STRINGS_H 1
| #define HAVE_INTTYPES_H 1
| #define HAVE_STDINT_H 1
| #define HAVE_UNISTD_H 1
| #define HAVE_STDLIB_H 1
| #define HAVE_MALLOC 1
| #define HAVE_STDLIB_H 1
| #define HAVE_REALLOC 1
| #define HAVE_ALLOCA_H 1
| #define HAVE_ALLOCA 1
| #define HAVE_LIBINTL_H 1
| #define HAVE_NCURSES_NCURSES_H 1
| /* end confdefs.h.  */
| 
| /* Override any GCC internal prototype to avoid an error.
|    Use char because int might match the return type of a GCC
|    builtin and then its argument prototype would still apply.  */
| #ifdef __cplusplus
| extern "C"
| #endif
| char initscr ();
| int
| main ()
| {
| return initscr ();
|   ;
|   return 0;
| }
configure:5996: gcc -o conftest -g -O2   conftest.c -lncursesw   >&5
configure:5996: $? = 0
configure:6013: result: -lncursesw
configure:6228: creating ./config.status

## ---------------------- ##
## Running config.status. ##
## ---------------------- ##

This file was extended by crosstool-NG config.status 1.20.0, which was
generated by GNU Autoconf 2.69.  Invocation command line was

  CONFIG_FILES    = 
  CONFIG_HEADERS  = 
  CONFIG_LINKS    = 
  CONFIG_COMMANDS = 
  $ ./config.status 

on localhost.localdomain

config.status:777: creating Makefile

## ---------------- ##
## Cache variables. ##
## ---------------- ##

ac_cv_build=x86_64-unknown-linux-gnu
ac_cv_c_compiler_gnu=yes
ac_cv_c_inline=inline
ac_cv_env_CC_set=
ac_cv_env_CC_value=
ac_cv_env_CFLAGS_set=
ac_cv_env_CFLAGS_value=
ac_cv_env_CPPFLAGS_set=
ac_cv_env_CPPFLAGS_value=
ac_cv_env_CPP_set=
ac_cv_env_CPP_value=
ac_cv_env_LDFLAGS_set=
ac_cv_env_LDFLAGS_value=
ac_cv_env_LIBS_set=
ac_cv_env_LIBS_value=
ac_cv_env_build_alias_set=
ac_cv_env_build_alias_value=
ac_cv_env_host_alias_set=
ac_cv_env_host_alias_value=
ac_cv_env_target_alias_set=
ac_cv_env_target_alias_value=
ac_cv_func_alloca_works=yes
ac_cv_func_malloc_0_nonnull=yes
ac_cv_func_realloc_0_nonnull=yes
ac_cv_have_decl_gettext=yes
ac_cv_header_inttypes_h=yes
ac_cv_header_libintl_h=yes
ac_cv_header_memory_h=yes
ac_cv_header_ncurses_ncurses_h=yes
ac_cv_header_stdc=yes
ac_cv_header_stdint_h=yes
ac_cv_header_stdlib_h=yes
ac_cv_header_string_h=yes
ac_cv_header_strings_h=yes
ac_cv_header_sys_stat_h=yes
ac_cv_header_sys_types_h=yes
ac_cv_header_unistd_h=yes
ac_cv_host=x86_64-unknown-linux-gnu
ac_cv_objext=o
ac_cv_path_EGREP='/usr/bin/grep -E'
ac_cv_path_GREP=/usr/bin/grep
ac_cv_path_LIBTOOL=/usr/bin/libtool
ac_cv_path_LIBTOOLIZE=/usr/bin/libtoolize
ac_cv_path_MAKE=/usr/bin/gmake
ac_cv_path_PATCH=/usr/bin/patch
ac_cv_path_SED=/usr/bin/sed
ac_cv_path__AWK=/usr/bin/gawk
ac_cv_path__BASH=/usr/bin/bash
ac_cv_path_automake=/usr/bin/automake
ac_cv_path_install='/usr/bin/install -c'
ac_cv_prog_CPP='gcc -E'
ac_cv_prog_ac_ct_CC=gcc
ac_cv_prog_ac_ct_GPERF=gperf
ac_cv_prog_ac_ct_OBJCOPY=objcopy
ac_cv_prog_ac_ct_OBJDUMP=objdump
ac_cv_prog_ac_ct_RANLIB=ranlib
ac_cv_prog_ac_ct_READELF=readelf
ac_cv_prog_bison=bison
ac_cv_prog_bzip2=bzip2
ac_cv_prog_cc_c89=
ac_cv_prog_cc_g=yes
ac_cv_prog_cut=cut
ac_cv_prog_cvs=cvs
ac_cv_prog_flex=flex
ac_cv_prog_gzip=gzip
ac_cv_prog_make__usr_bin_gmake_set=yes
ac_cv_prog_makeinfo=makeinfo
ac_cv_prog_readlink=readlink
ac_cv_prog_stat=stat
ac_cv_prog_svn=svn
ac_cv_prog_tar=tar
ac_cv_prog_wget=wget
ac_cv_prog_xz=xz
ac_cv_search_initscr=-lncursesw
ac_cv_type_size_t=yes
ac_cv_working_alloca_h=yes

## ----------------- ##
## Output variables. ##
## ----------------- ##

ALLOCA=''
CC='gcc'
CFLAGS='-g -O2'
CPP='gcc -E'
CPPFLAGS=''
DATE='20141219'
DEFS='-DPACKAGE_NAME=\"crosstool-NG\" -DPACKAGE_TARNAME=\"crosstool-ng\" -DPACKAGE_VERSION=\"1.20.0\" -DPACKAGE_STRING=\"crosstool-NG\ 1.20.0\" -DPACKAGE_BUGREPORT=\"crossgcc@sourceware.org\" -DPACKAGE_URL=\"\" -DSTDC_HEADERS=1 -DHAVE_SYS_TYPES_H=1 -DHAVE_SYS_STAT_H=1 -DHAVE_STDLIB_H=1 -DHAVE_STRING_H=1 -DHAVE_MEMORY_H=1 -DHAVE_STRINGS_H=1 -DHAVE_INTTYPES_H=1 -DHAVE_STDINT_H=1 -DHAVE_UNISTD_H=1 -DHAVE_STDLIB_H=1 -DHAVE_MALLOC=1 -DHAVE_STDLIB_H=1 -DHAVE_REALLOC=1 -DHAVE_ALLOCA_H=1 -DHAVE_ALLOCA=1 -DHAVE_LIBINTL_H=1 -DHAVE_NCURSES_NCURSES_H=1'
ECHO_C=''
ECHO_N='-n'
ECHO_T=''
EGREP='/usr/bin/grep -E'
EXEEXT=''
GPERF='/usr/bin/gperf'
GREP='/usr/bin/grep'
INSTALL_DATA='${INSTALL} -m 644'
INSTALL_PROGRAM='${INSTALL}'
INSTALL_SCRIPT='${INSTALL}'
LDFLAGS=''
LIBOBJS=''
LIBS='-lncursesw '
LIBTOOL='/usr/bin/libtool'
LIBTOOLIZE='/usr/bin/libtoolize'
LN_S='ln -s'
LTLIBOBJS=''
MAKE='/usr/bin/gmake'
OBJCOPY='/usr/bin/objcopy'
OBJDUMP='/usr/bin/objdump'
OBJEXT='o'
PACKAGE_BUGREPORT='crossgcc@sourceware.org'
PACKAGE_NAME='crosstool-NG'
PACKAGE_STRING='crosstool-NG 1.20.0'
PACKAGE_TARNAME='crosstool-ng'
PACKAGE_URL=''
PACKAGE_VERSION='1.20.0'
PATCH='/usr/bin/patch'
PATH_SEPARATOR=':'
RANLIB='ranlib'
READELF='/usr/bin/readelf'
SED='/usr/bin/sed'
SET_MAKE=''
SHELL='/bin/sh'
_AWK='/usr/bin/gawk'
_BASH='/usr/bin/bash'
ac_ct_CC='gcc'
ac_ct_GPERF='gperf'
ac_ct_OBJCOPY='objcopy'
ac_ct_OBJDUMP='objdump'
ac_ct_READELF='readelf'
ac_ct_curses_hdr='ncurses/ncurses.h'
automake='/usr/bin/automake'
bindir='${exec_prefix}/bin'
bison='bison'
build='x86_64-unknown-linux-gnu'
build_alias=''
build_cpu='x86_64'
build_os='linux-gnu'
build_vendor='unknown'
bzip2='bzip2'
cut='cut'
cvs='cvs'
datadir='${datarootdir}'
datarootdir='${prefix}/share'
docdir='${datarootdir}/doc/${PACKAGE_TARNAME}'
dvidir='${docdir}'
enable_local='no'
exec_prefix='${prefix}'
flex='flex'
gettext='y'
gzip='gzip'
host='x86_64-unknown-linux-gnu'
host_alias=''
host_cpu='x86_64'
host_os='linux-gnu'
host_vendor='unknown'
htmldir='${docdir}'
includedir='${prefix}/include'
infodir='${datarootdir}/info'
kconfig_options=' has_make381 has_xz=y has_lzma has_cvs=y has_svn=y'
libdir='${exec_prefix}/lib'
libexecdir='${exec_prefix}/libexec'
localedir='${datarootdir}/locale'
localstatedir='${prefix}/var'
lzma=''
makeinfo='makeinfo'
mandir='${datarootdir}/man'
oldincludedir='/usr/include'
pdfdir='${docdir}'
prefix='/opt/Espressif/crosstool-NG'
program_transform_name='s,x,x,'
psdir='${docdir}'
readlink='readlink'
sbindir='${exec_prefix}/sbin'
sharedstatedir='${prefix}/com'
stat='stat'
subdocdir='/ct-ng.${VERSION}'
sublibdir='/ct-ng.${VERSION}'
svn='svn'
sysconfdir='${prefix}/etc'
tar='tar'
target_alias=''
wget='wget'
xz='xz'

## ----------- ##
## confdefs.h. ##
## ----------- ##

/* confdefs.h */
#define PACKAGE_NAME "crosstool-NG"
#define PACKAGE_TARNAME "crosstool-ng"
#define PACKAGE_VERSION "1.20.0"
#define PACKAGE_STRING "crosstool-NG 1.20.0"
#define PACKAGE_BUGREPORT "crossgcc@sourceware.org"
#define PACKAGE_URL ""
#define STDC_HEADERS 1
#define HAVE_SYS_TYPES_H 1
#define HAVE_SYS_STAT_H 1
#define HAVE_STDLIB_H 1
#define HAVE_STRING_H 1
#define HAVE_MEMORY_H 1
#define HAVE_STRINGS_H 1
#define HAVE_INTTYPES_H 1
#define HAVE_STDINT_H 1
#define HAVE_UNISTD_H 1
#define HAVE_STDLIB_H 1
#define HAVE_MALLOC 1
#define HAVE_STDLIB_H 1
#define HAVE_REALLOC 1
#define HAVE_ALLOCA_H 1
#define HAVE_ALLOCA 1
#define HAVE_LIBINTL_H 1
#define HAVE_NCURSES_NCURSES_H 1

configure: exit 0
